# JRE version: Java(TM) SE Runtime Environment (8.0_144-b01) (build 1.8.0_144-b01)
# Java VM: Java HotSpot(TM) 64-Bit Server VM (25.144-b01 mixed mode windows-amd64 compressed oops)
Heap:
 PSYoungGen      total 136704K, used 74239K [0x000000076bd00000, 0x0000000776900000, 0x00000007c0000000)
  eden space 126464K, 58% used [0x000000076bd00000,0x000000077057ffe0,0x0000000773880000)
  from space 10240K, 0% used [0x0000000775f00000,0x0000000775f00000,0x0000000776900000)
  to   space 10752K, 0% used [0x0000000773880000,0x0000000773880000,0x0000000774300000)
 ParOldGen       total 100864K, used 16106K [0x00000006c3600000, 0x00000006c9880000, 0x000000076bd00000)
  object space 100864K, 15% used [0x00000006c3600000,0x00000006c45baad0,0x00000006c9880000)
 Metaspace       used 37488K, capacity 39835K, committed 40192K, reserved 1083392K
  class space    used 4855K, capacity 5268K, committed 5376K, reserved 1048576K
GC Heap History (10 events):
Event: 1.541 GC heap before
{Heap before GC invocations=4 (full 1):
 PSYoungGen      total 75776K, used 7766K [0x000000076bd00000, 0x0000000775100000, 0x00000007c0000000)
  eden space 65024K, 0% used [0x000000076bd00000,0x000000076bd00000,0x000000076fc80000)
  from space 10752K, 72% used [0x000000076fc80000,0x0000000770415ba8,0x0000000770700000)
  to   space 10752K, 0% used [0x0000000774680000,0x0000000774680000,0x0000000775100000)
 ParOldGen       total 173568K, used 32K [0x00000006c3600000, 0x00000006cdf80000, 0x000000076bd00000)
  object space 173568K, 0% used [0x00000006c3600000,0x00000006c3608000,0x00000006cdf80000)
 Metaspace       used 20510K, capacity 21218K, committed 21296K, reserved 1069056K
  class space    used 2511K, capacity 2681K, committed 2688K, reserved 1048576K
Event: 1.561 GC heap after
Heap after GC invocations=4 (full 1):
 PSYoungGen      total 75776K, used 0K [0x000000076bd00000, 0x0000000775100000, 0x00000007c0000000)
  eden space 65024K, 0% used [0x000000076bd00000,0x000000076bd00000,0x000000076fc80000)
  from space 10752K, 0% used [0x000000076fc80000,0x000000076fc80000,0x0000000770700000)
  to   space 10752K, 0% used [0x0000000774680000,0x0000000774680000,0x0000000775100000)
 ParOldGen       total 100864K, used 7320K [0x00000006c3600000, 0x00000006c9880000, 0x000000076bd00000)
  object space 100864K, 7% used [0x00000006c3600000,0x00000006c3d26090,0x00000006c9880000)
 Metaspace       used 20510K, capacity 21218K, committed 21296K, reserved 1069056K
  class space    used 2511K, capacity 2681K, committed 2688K, reserved 1048576K
}
Event: 1.975 GC heap before
{Heap before GC invocations=5 (full 1):
 PSYoungGen      total 75776K, used 65024K [0x000000076bd00000, 0x0000000775100000, 0x00000007c0000000)
  eden space 65024K, 100% used [0x000000076bd00000,0x000000076fc80000,0x000000076fc80000)
  from space 10752K, 0% used [0x000000076fc80000,0x000000076fc80000,0x0000000770700000)
  to   space 10752K, 0% used [0x0000000774680000,0x0000000774680000,0x0000000775100000)
 ParOldGen       total 100864K, used 7320K [0x00000006c3600000, 0x00000006c9880000, 0x000000076bd00000)
  object space 100864K, 7% used [0x00000006c3600000,0x00000006c3d26090,0x00000006c9880000)
 Metaspace       used 22607K, capacity 23436K, committed 23552K, reserved 1069056K
  class space    used 2760K, capacity 2956K, committed 3072K, reserved 1048576K
Event: 1.980 GC heap after
Heap after GC invocations=5 (full 1):
 PSYoungGen      total 108544K, used 7118K [0x000000076bd00000, 0x0000000774d80000, 0x00000007c0000000)
  eden space 101376K, 0% used [0x000000076bd00000,0x000000076bd00000,0x0000000772000000)
  from space 7168K, 99% used [0x0000000774680000,0x0000000774d73990,0x0000000774d80000)
  to   space 10752K, 0% used [0x0000000773880000,0x0000000773880000,0x0000000774300000)
 ParOldGen       total 100864K, used 7328K [0x00000006c3600000, 0x00000006c9880000, 0x000000076bd00000)
  object space 100864K, 7% used [0x00000006c3600000,0x00000006c3d28090,0x00000006c9880000)
 Metaspace       used 22607K, capacity 23436K, committed 23552K, reserved 1069056K
  class space    used 2760K, capacity 2956K, committed 3072K, reserved 1048576K
}
Event: 2.777 GC heap before
{Heap before GC invocations=6 (full 1):
 PSYoungGen      total 108544K, used 108494K [0x000000076bd00000, 0x0000000774d80000, 0x00000007c0000000)
  eden space 101376K, 100% used [0x000000076bd00000,0x0000000772000000,0x0000000772000000)
  from space 7168K, 99% used [0x0000000774680000,0x0000000774d73990,0x0000000774d80000)
  to   space 10752K, 0% used [0x0000000773880000,0x0000000773880000,0x0000000774300000)
 ParOldGen       total 100864K, used 7328K [0x00000006c3600000, 0x00000006c9880000, 0x000000076bd00000)
  object space 100864K, 7% used [0x00000006c3600000,0x00000006c3d28090,0x00000006c9880000)
 Metaspace       used 27511K, capacity 29048K, committed 29184K, reserved 1075200K
  class space    used 3453K, capacity 3746K, committed 3840K, reserved 1048576K
Event: 2.786 GC heap after
Heap after GC invocations=6 (full 1):
 PSYoungGen      total 137216K, used 10201K [0x000000076bd00000, 0x0000000776900000, 0x00000007c0000000)
  eden space 126464K, 0% used [0x000000076bd00000,0x000000076bd00000,0x0000000773880000)
  from space 10752K, 94% used [0x0000000773880000,0x0000000774276608,0x0000000774300000)
  to   space 10240K, 0% used [0x0000000775f00000,0x0000000775f00000,0x0000000776900000)
 ParOldGen       total 100864K, used 7336K [0x00000006c3600000, 0x00000006c9880000, 0x000000076bd00000)
  object space 100864K, 7% used [0x00000006c3600000,0x00000006c3d2a090,0x00000006c9880000)
 Metaspace       used 27511K, capacity 29048K, committed 29184K, reserved 1075200K
  class space    used 3453K, capacity 3746K, committed 3840K, reserved 1048576K
}
Event: 3.875 GC heap before
{Heap before GC invocations=7 (full 1):
 PSYoungGen      total 137216K, used 106602K [0x000000076bd00000, 0x0000000776900000, 0x00000007c0000000)
  eden space 126464K, 76% used [0x000000076bd00000,0x0000000771b24300,0x0000000773880000)
  from space 10752K, 94% used [0x0000000773880000,0x0000000774276608,0x0000000774300000)
  to   space 10240K, 0% used [0x0000000775f00000,0x0000000775f00000,0x0000000776900000)
 ParOldGen       total 100864K, used 7336K [0x00000006c3600000, 0x00000006c9880000, 0x000000076bd00000)
  object space 100864K, 7% used [0x00000006c3600000,0x00000006c3d2a090,0x00000006c9880000)
 Metaspace       used 33503K, capacity 35445K, committed 35496K, reserved 1081344K
  class space    used 4248K, capacity 4608K, committed 4608K, reserved 1048576K
Event: 3.884 GC heap after
Heap after GC invocations=7 (full 1):
 PSYoungGen      total 136704K, used 10214K [0x000000076bd00000, 0x0000000776900000, 0x00000007c0000000)
  eden space 126464K, 0% used [0x000000076bd00000,0x000000076bd00000,0x0000000773880000)
  from space 10240K, 99% used [0x0000000775f00000,0x00000007768f9bf8,0x0000000776900000)
  to   space 10752K, 0% used [0x0000000773880000,0x0000000773880000,0x0000000774300000)
 ParOldGen       total 100864K, used 10007K [0x00000006c3600000, 0x00000006c9880000, 0x000000076bd00000)
  object space 100864K, 9% used [0x00000006c3600000,0x00000006c3fc5c80,0x00000006c9880000)
 Metaspace       used 33503K, capacity 35445K, committed 35496K, reserved 1081344K
  class space    used 4248K, capacity 4608K, committed 4608K, reserved 1048576K
}
Event: 3.884 GC heap before
{Heap before GC invocations=8 (full 2):
 PSYoungGen      total 136704K, used 10214K [0x000000076bd00000, 0x0000000776900000, 0x00000007c0000000)
  eden space 126464K, 0% used [0x000000076bd00000,0x000000076bd00000,0x0000000773880000)
  from space 10240K, 99% used [0x0000000775f00000,0x00000007768f9bf8,0x0000000776900000)
  to   space 10752K, 0% used [0x0000000773880000,0x0000000773880000,0x0000000774300000)
 ParOldGen       total 100864K, used 10007K [0x00000006c3600000, 0x00000006c9880000, 0x000000076bd00000)
  object space 100864K, 9% used [0x00000006c3600000,0x00000006c3fc5c80,0x00000006c9880000)
 Metaspace       used 33503K, capacity 35445K, committed 35496K, reserved 1081344K
  class space    used 4248K, capacity 4608K, committed 4608K, reserved 1048576K
Event: 3.919 GC heap after
Heap after GC invocations=8 (full 2):
 PSYoungGen      total 136704K, used 0K [0x000000076bd00000, 0x0000000776900000, 0x00000007c0000000)
  eden space 126464K, 0% used [0x000000076bd00000,0x000000076bd00000,0x0000000773880000)
  from space 10240K, 0% used [0x0000000775f00000,0x0000000775f00000,0x0000000776900000)
  to   space 10752K, 0% used [0x0000000773880000,0x0000000773880000,0x0000000774300000)
 ParOldGen       total 100864K, used 16106K [0x00000006c3600000, 0x00000006c9880000, 0x000000076bd00000)
  object space 100864K, 15% used [0x00000006c3600000,0x00000006c45baad0,0x00000006c9880000)
 Metaspace       used 33503K, capacity 35445K, committed 35496K, reserved 1081344K
  class space    used 4248K, capacity 4608K, committed 4608K, reserved 1048576K
}

